IQ-TREE multicore version 1.6.12 for Windows 64-bit built Aug 15 2019
Developed by Bui Quang Minh, Nguyen Lam Tung, Olga Chernomor,
Heiko Schmidt, Dominik Schrempf, Michael Woodhams.

Host:    LAPTOP-L33PKUPE (AVX2, FMA3, 15 GB RAM)
Command: iqtree.exe -s project44.phy -st MORPH -m MK+ASC -nt AUTO
Seed:    760568 (Using SPRNG - Scalable Parallel Random Number Generator)
Time:    Sat Jul 01 14:59:16 2023
Kernel:  AVX+FMA - auto-detect threads (20 CPU cores detected)

Reading alignment file project44.phy ... Phylip format detected
Alignment most likely contains binary sequences
WARNING: Your specified sequence type is different from the detected one
Alignment has 27 sequences with 46 columns, 45 distinct patterns
43 parsimony-informative, 3 singleton sites, 0 constant sites
                          Gap/Ambiguity  Composition  p-value
   1  Stylocellusglobosus         2.17%    failed      0.00%
   2  Suzukielussauteri           0.00%    passed     93.34%
   3  Siroexilis                  6.52%    passed     98.38%
   4  Paragoviasironoides         6.52%    passed     84.08%
   5  Ogoveacameroonensis         8.70%    passed     75.64%
   6  Troglosirosp.              10.87%    passed     64.03%
   7  Stylocellusramblae         10.87%    passed      5.24%
   8  Huitacaventralis           10.87%    passed     46.54%
   9  Metagoveaphilipi            6.52%    passed     44.70%
  10  Karripurcelliapeckorum      4.35%    passed     85.03%
  11  Chileogoveaoedipus          4.35%    passed     52.13%
  12  Paramiopsalisramulosus      2.17%    passed     28.60%
  13  Iberosirodistylos          13.04%    failed      1.89%
  14  Parasirocoiffaiti           2.17%    passed     56.80%
  15  Parasirominor               2.17%    passed     63.67%
  16  Parasirocorsicus            2.17%    passed     61.55%
  17  Odontosirolusitanicus      28.26%    passed     99.68%
  18  Cyphophthalmusduricorius    4.35%    passed     92.69%
  19  Cyphophthalmusserbicus     10.87%    passed     90.75%
  20  Sirorubens                  4.35%    passed     94.75%
  21  Sirovalleorum               6.52%    passed     98.38%
  22  Tranteevaparadoxa           4.35%    passed     94.75%
  23  Sirosonoma                  8.70%    passed     98.49%
  24  Siroacaroides               4.35%    passed     93.37%
  25  Sirokamiakensis             6.52%    passed     98.38%
  26  Marwecoarctata             15.22%    failed      0.01%
  27  Metasiroamericanus          2.17%    failed      3.31%
****  TOTAL                       7.00%  4 sequences failed composition chi2 test (p-value<5%; df=6)
Creating fast initial parsimony tree by random order stepwise addition...
0.037 seconds, parsimony score: 148 (based on 46 sites)

NOTE: 0 MB RAM (0 GB) is required!
Measuring multi-threading efficiency up to 20 CPU cores
Increase to 10 rounds for branch lengths
7971 trees examined
Threads: 1 / Time: 20.001 sec / Speedup: 1.000 / Efficiency: 100% / LogL: -1158
Threads: 2 / Time: 21.020 sec / Speedup: 0.952 / Efficiency: 48% / LogL: -1158
BEST NUMBER OF THREADS: 1

Estimate model parameters (epsilon = 0.100)
1. Initial log-likelihood: -832.634
Optimal log-likelihood: -816.910
Parameters optimization took 1 rounds (0.002 sec)
Computing ML distances based on estimated model parameters... 0.000 sec
Computing BIONJ tree...
0.004 seconds
Log-likelihood of BIONJ tree: -810.496
--------------------------------------------------------------------
|             INITIALIZING CANDIDATE TREE SET                      |
--------------------------------------------------------------------
Generating 98 parsimony trees... 0.045 second
Computing log-likelihood of 98 initial trees ... 0.096 seconds
Current best score: -802.483

Do NNI search on 20 best initial trees
Estimate model parameters (epsilon = 0.100)
BETTER TREE FOUND at iteration 1: -801.359
Estimate model parameters (epsilon = 0.100)
BETTER TREE FOUND at iteration 2: -799.147
Iteration 10 / LogL: -804.970 / Time: 0h:0m:41s
Iteration 20 / LogL: -808.344 / Time: 0h:0m:41s
Finish initializing candidate tree set (20)
Current best tree score: -799.147 / CPU time: 0.253
Number of iterations: 20
--------------------------------------------------------------------
|               OPTIMIZING CANDIDATE TREE SET                      |
--------------------------------------------------------------------
Iteration 30 / LogL: -799.155 / Time: 0h:0m:41s (0h:1m:42s left)
Estimate model parameters (epsilon = 0.100)
BETTER TREE FOUND at iteration 35: -798.304
Iteration 40 / LogL: -799.191 / Time: 0h:0m:41s (0h:1m:41s left)
Iteration 50 / LogL: -798.332 / Time: 0h:0m:41s (0h:1m:12s left)
UPDATE BEST LOG-LIKELIHOOD: -798.299
Iteration 60 / LogL: -800.363 / Time: 0h:0m:41s (0h:0m:52s left)
UPDATE BEST LOG-LIKELIHOOD: -798.298
Iteration 70 / LogL: -799.147 / Time: 0h:0m:41s (0h:0m:39s left)
Iteration 80 / LogL: -828.101 / Time: 0h:0m:41s (0h:0m:29s left)
Iteration 90 / LogL: -799.155 / Time: 0h:0m:42s (0h:0m:21s left)
UPDATE BEST LOG-LIKELIHOOD: -798.297
Iteration 100 / LogL: -798.328 / Time: 0h:0m:42s (0h:0m:14s left)
Iteration 110 / LogL: -800.333 / Time: 0h:0m:42s (0h:0m:9s left)
Iteration 120 / LogL: -798.306 / Time: 0h:0m:42s (0h:0m:5s left)
Iteration 130 / LogL: -801.496 / Time: 0h:0m:42s (0h:0m:1s left)
TREE SEARCH COMPLETED AFTER 136 ITERATIONS / Time: 0h:0m:42s

--------------------------------------------------------------------
|                    FINALIZING TREE SEARCH                        |
--------------------------------------------------------------------
Performs final model parameters optimization
Estimate model parameters (epsilon = 0.010)
1. Initial log-likelihood: -798.297
Optimal log-likelihood: -798.297
Parameters optimization took 1 rounds (0.002 sec)
BEST SCORE FOUND : -798.297
Total tree length: 3.586

Total number of iterations: 136
CPU time used for tree search: 0.359 sec (0h:0m:0s)
Wall-clock time used for tree search: 1.323 sec (0h:0m:1s)
Total CPU time used: 14.766 sec (0h:0m:14s)
Total wall-clock time used: 42.449 sec (0h:0m:42s)

Analysis results written to: 
  IQ-TREE report:                project44.phy.iqtree
  Maximum-likelihood tree:       project44.phy.treefile
  Likelihood distances:          project44.phy.mldist
  Screen log file:               project44.phy.log

Date and Time: Sat Jul 01 14:59:59 2023
